{"contracts/SingleRecipientPaymaster.sol":{"l":{"19":0,"23":0,"27":0,"28":0,"41":0,"43":0,"46":0,"55":0},"path":"/Users/jsch/Desktop/treasure-chess/contracts/contracts/SingleRecipientPaymaster.sol","s":{"1":0,"2":0,"3":0,"4":0,"5":0,"6":0},"b":{"1":[0,0]},"f":{"1":0,"2":0,"3":0,"4":0,"5":0},"fnMap":{"1":{"name":"constructor","line":18,"loc":{"start":{"line":18,"column":4},"end":{"line":20,"column":4}}},"2":{"name":"versionPaymaster","line":22,"loc":{"start":{"line":22,"column":4},"end":{"line":24,"column":4}}},"3":{"name":"setTarget","line":26,"loc":{"start":{"line":26,"column":4},"end":{"line":29,"column":4}}},"4":{"name":"preRelayedCall","line":31,"loc":{"start":{"line":31,"column":4},"end":{"line":47,"column":4}}},"5":{"name":"postRelayedCall","line":49,"loc":{"start":{"line":49,"column":4},"end":{"line":56,"column":4}}}},"statementMap":{"1":{"start":{"line":19,"column":8},"end":{"line":19,"column":21}},"2":{"start":{"line":23,"column":8},"end":{"line":23,"column":51}},"3":{"start":{"line":27,"column":8},"end":{"line":27,"column":43}},"4":{"start":{"line":28,"column":8},"end":{"line":28,"column":21}},"5":{"start":{"line":43,"column":8},"end":{"line":43,"column":63}},"6":{"start":{"line":46,"column":8},"end":{"line":46,"column":25}}},"branchMap":{"1":{"line":43,"type":"if","locations":[{"start":{"line":43,"column":8},"end":{"line":43,"column":8}},{"start":{"line":43,"column":8},"end":{"line":43,"column":8}}]}}},"contracts/Treasure.sol":{"l":{"43":0,"47":0,"48":0,"61":0,"63":0,"64":0,"65":0,"67":0,"68":0,"69":0,"70":0,"72":0,"73":0,"77":0,"81":0,"85":0,"86":0,"90":0,"91":0,"98":0},"path":"/Users/jsch/Desktop/treasure-chess/contracts/contracts/Treasure.sol","s":{"1":0,"2":0,"3":0,"4":0,"5":0,"6":0,"7":0,"8":0,"9":0,"10":0,"11":0,"12":0,"13":0,"14":0,"15":0,"16":0,"17":0,"18":0,"19":0},"b":{"1":[0,0]},"f":{"1":0,"2":0,"3":0,"4":0,"5":0,"6":0,"7":0,"8":0,"9":0},"fnMap":{"1":{"name":"constructor","line":42,"loc":{"start":{"line":42,"column":2},"end":{"line":44,"column":2}}},"2":{"name":"onlyAdmin","line":46,"loc":{"start":{"line":46,"column":2},"end":{"line":49,"column":2}}},"3":{"name":"mint","line":60,"loc":{"start":{"line":51,"column":2},"end":{"line":74,"column":2}}},"4":{"name":"getOriginalPlayer","line":76,"loc":{"start":{"line":76,"column":2},"end":{"line":78,"column":2}}},"5":{"name":"getTotalGames","line":80,"loc":{"start":{"line":80,"column":2},"end":{"line":82,"column":2}}},"6":{"name":"addAdmin","line":84,"loc":{"start":{"line":84,"column":2},"end":{"line":87,"column":2}}},"7":{"name":"removeAdmin","line":89,"loc":{"start":{"line":89,"column":2},"end":{"line":92,"column":2}}},"8":{"name":"rescueEtherOwner","line":97,"loc":{"start":{"line":97,"column":2},"end":{"line":99,"column":2}}},"9":{"name":"rescueERC20Owner","line":101,"loc":{"start":{"line":101,"column":2},"end":{"line":103,"column":2}}}},"statementMap":{"1":{"start":{"line":43,"column":4},"end":{"line":43,"column":28}},"2":{"start":{"line":47,"column":4},"end":{"line":47,"column":69}},"3":{"start":{"line":61,"column":4},"end":{"line":61,"column":24}},"4":{"start":{"line":63,"column":4},"end":{"line":63,"column":43}},"5":{"start":{"line":64,"column":4},"end":{"line":64,"column":27}},"6":{"start":{"line":65,"column":4},"end":{"line":65,"column":36}},"7":{"start":{"line":67,"column":4},"end":{"line":67,"column":102}},"8":{"start":{"line":68,"column":4},"end":{"line":68,"column":29}},"9":{"start":{"line":69,"column":4},"end":{"line":69,"column":38}},"10":{"start":{"line":70,"column":4},"end":{"line":70,"column":39}},"11":{"start":{"line":72,"column":4},"end":{"line":72,"column":59}},"12":{"start":{"line":73,"column":4},"end":{"line":73,"column":20}},"13":{"start":{"line":77,"column":4},"end":{"line":77,"column":31}},"14":{"start":{"line":81,"column":4},"end":{"line":81,"column":30}},"15":{"start":{"line":85,"column":4},"end":{"line":85,"column":24}},"16":{"start":{"line":86,"column":4},"end":{"line":86,"column":33}},"17":{"start":{"line":90,"column":4},"end":{"line":90,"column":25}},"18":{"start":{"line":91,"column":4},"end":{"line":91,"column":35}},"19":{"start":{"line":98,"column":4},"end":{"line":98,"column":22}}},"branchMap":{"1":{"line":47,"type":"if","locations":[{"start":{"line":47,"column":4},"end":{"line":47,"column":4}},{"start":{"line":47,"column":4},"end":{"line":47,"column":4}}]}}},"contracts/TreasureMarket.sol":{"l":{"53":0,"54":0,"56":0,"57":0,"58":0,"63":0,"67":0,"69":0,"73":0,"78":0,"79":0,"81":0,"86":0,"87":0,"88":0,"90":0,"91":0,"92":0,"93":0,"95":0,"96":0,"100":0,"102":0,"103":0,"104":0,"105":0,"107":0,"108":0,"117":0,"118":0,"119":0,"120":0,"123":0,"126":0,"127":0,"128":0,"130":0,"131":0,"132":0,"135":0,"136":0,"137":0,"141":0,"142":0,"146":0,"147":0,"153":0,"154":0,"155":0},"path":"/Users/jsch/Desktop/treasure-chess/contracts/contracts/TreasureMarket.sol","s":{"1":0,"2":0,"3":0,"4":0,"5":0,"6":0,"7":0,"8":0,"9":0,"10":0,"11":0,"12":0,"13":0,"14":0,"15":0,"16":0,"17":0,"18":0,"19":0,"20":0,"21":0,"22":0,"23":0,"24":0,"25":0,"26":0,"27":0,"28":0,"29":0,"30":0,"31":0,"32":0,"33":0,"34":0,"35":0,"36":0,"37":0,"38":0,"39":0,"40":0,"41":0,"42":0,"43":0,"44":0,"45":0,"46":0,"47":0,"48":0},"b":{"1":[0,0],"2":[0,0],"3":[0,0],"4":[0,0],"5":[0,0],"6":[0,0],"7":[0,0],"8":[0,0],"9":[0,0],"10":[0,0],"11":[0,0],"12":[0,0],"13":[0,0]},"f":{"1":0,"2":0,"3":0,"4":0,"5":0,"6":0,"7":0,"8":0,"9":0,"10":0},"fnMap":{"1":{"name":"constructor","line":46,"loc":{"start":{"line":46,"column":2},"end":{"line":59,"column":2}}},"2":{"name":"isTrustedForwarder","line":62,"loc":{"start":{"line":62,"column":2},"end":{"line":64,"column":4}}},"3":{"name":"_msgSender","line":66,"loc":{"start":{"line":66,"column":4},"end":{"line":75,"column":4}}},"4":{"name":"_msgData","line":77,"loc":{"start":{"line":77,"column":4},"end":{"line":83,"column":4}}},"5":{"name":"listItem","line":85,"loc":{"start":{"line":85,"column":2},"end":{"line":97,"column":2}}},"6":{"name":"cancelSale","line":99,"loc":{"start":{"line":99,"column":2},"end":{"line":109,"column":2}}},"7":{"name":"instantBuy","line":115,"loc":{"start":{"line":113,"column":2},"end":{"line":138,"column":2}}},"8":{"name":"setRoyalty","line":140,"loc":{"start":{"line":140,"column":2},"end":{"line":143,"column":2}}},"9":{"name":"setFee","line":145,"loc":{"start":{"line":145,"column":2},"end":{"line":148,"column":2}}},"10":{"name":"ownerWithdrawFees","line":151,"loc":{"start":{"line":151,"column":2},"end":{"line":156,"column":2}}}},"statementMap":{"1":{"start":{"line":53,"column":4},"end":{"line":53,"column":39}},"2":{"start":{"line":54,"column":4},"end":{"line":54,"column":48}},"3":{"start":{"line":56,"column":4},"end":{"line":56,"column":43}},"4":{"start":{"line":57,"column":4},"end":{"line":57,"column":51}},"5":{"start":{"line":58,"column":4},"end":{"line":58,"column":33}},"6":{"start":{"line":63,"column":8},"end":{"line":63,"column":45}},"7":{"start":{"line":67,"column":8},"end":{"line":67,"column":2199}},"8":{"start":{"line":73,"column":12},"end":{"line":73,"column":37}},"9":{"start":{"line":78,"column":8},"end":{"line":78,"column":2604}},"10":{"start":{"line":79,"column":12},"end":{"line":79,"column":50}},"11":{"start":{"line":81,"column":12},"end":{"line":81,"column":35}},"12":{"start":{"line":86,"column":4},"end":{"line":86,"column":90}},"13":{"start":{"line":87,"column":4},"end":{"line":87,"column":52}},"14":{"start":{"line":88,"column":4},"end":{"line":88,"column":63}},"15":{"start":{"line":90,"column":4},"end":{"line":90,"column":28}},"16":{"start":{"line":91,"column":4},"end":{"line":91,"column":25}},"17":{"start":{"line":92,"column":4},"end":{"line":92,"column":29}},"18":{"start":{"line":93,"column":4},"end":{"line":93,"column":44}},"19":{"start":{"line":95,"column":4},"end":{"line":95,"column":62}},"20":{"start":{"line":96,"column":4},"end":{"line":96,"column":43}},"21":{"start":{"line":100,"column":4},"end":{"line":100,"column":39}},"22":{"start":{"line":102,"column":4},"end":{"line":102,"column":29}},"23":{"start":{"line":103,"column":4},"end":{"line":103,"column":21}},"24":{"start":{"line":104,"column":4},"end":{"line":104,"column":27}},"25":{"start":{"line":105,"column":4},"end":{"line":105,"column":19}},"26":{"start":{"line":107,"column":4},"end":{"line":107,"column":62}},"27":{"start":{"line":108,"column":4},"end":{"line":108,"column":38}},"28":{"start":{"line":117,"column":4},"end":{"line":117,"column":52}},"29":{"start":{"line":118,"column":4},"end":{"line":118,"column":74}},"30":{"start":{"line":119,"column":4},"end":{"line":119,"column":64}},"31":{"start":{"line":120,"column":4},"end":{"line":120,"column":37}},"32":{"start":{"line":123,"column":4},"end":{"line":123,"column":62}},"33":{"start":{"line":126,"column":4},"end":{"line":126,"column":60}},"34":{"start":{"line":127,"column":4},"end":{"line":127,"column":86}},"35":{"start":{"line":128,"column":4},"end":{"line":128,"column":72}},"36":{"start":{"line":130,"column":4},"end":{"line":130,"column":88}},"37":{"start":{"line":131,"column":4},"end":{"line":131,"column":80}},"38":{"start":{"line":132,"column":4},"end":{"line":132,"column":75}},"39":{"start":{"line":135,"column":4},"end":{"line":135,"column":29}},"40":{"start":{"line":136,"column":4},"end":{"line":136,"column":53}},"41":{"start":{"line":137,"column":4},"end":{"line":137,"column":70}},"42":{"start":{"line":141,"column":4},"end":{"line":141,"column":35}},"43":{"start":{"line":142,"column":4},"end":{"line":142,"column":28}},"44":{"start":{"line":146,"column":4},"end":{"line":146,"column":31}},"45":{"start":{"line":147,"column":4},"end":{"line":147,"column":24}},"46":{"start":{"line":153,"column":4},"end":{"line":153,"column":63}},"47":{"start":{"line":154,"column":4},"end":{"line":154,"column":58}},"48":{"start":{"line":155,"column":4},"end":{"line":155,"column":48}}},"branchMap":{"1":{"line":67,"type":"if","locations":[{"start":{"line":67,"column":8},"end":{"line":67,"column":8}},{"start":{"line":67,"column":8},"end":{"line":67,"column":8}}]},"2":{"line":78,"type":"if","locations":[{"start":{"line":78,"column":8},"end":{"line":78,"column":8}},{"start":{"line":78,"column":8},"end":{"line":78,"column":8}}]},"3":{"line":86,"type":"if","locations":[{"start":{"line":86,"column":4},"end":{"line":86,"column":4}},{"start":{"line":86,"column":4},"end":{"line":86,"column":4}}]},"4":{"line":87,"type":"if","locations":[{"start":{"line":87,"column":4},"end":{"line":87,"column":4}},{"start":{"line":87,"column":4},"end":{"line":87,"column":4}}]},"5":{"line":88,"type":"if","locations":[{"start":{"line":88,"column":4},"end":{"line":88,"column":4}},{"start":{"line":88,"column":4},"end":{"line":88,"column":4}}]},"6":{"line":100,"type":"if","locations":[{"start":{"line":100,"column":4},"end":{"line":100,"column":4}},{"start":{"line":100,"column":4},"end":{"line":100,"column":4}}]},"7":{"line":117,"type":"if","locations":[{"start":{"line":117,"column":4},"end":{"line":117,"column":4}},{"start":{"line":117,"column":4},"end":{"line":117,"column":4}}]},"8":{"line":118,"type":"if","locations":[{"start":{"line":118,"column":4},"end":{"line":118,"column":4}},{"start":{"line":118,"column":4},"end":{"line":118,"column":4}}]},"9":{"line":119,"type":"if","locations":[{"start":{"line":119,"column":4},"end":{"line":119,"column":4}},{"start":{"line":119,"column":4},"end":{"line":119,"column":4}}]},"10":{"line":120,"type":"if","locations":[{"start":{"line":120,"column":4},"end":{"line":120,"column":4}},{"start":{"line":120,"column":4},"end":{"line":120,"column":4}}]},"11":{"line":128,"type":"if","locations":[{"start":{"line":128,"column":4},"end":{"line":128,"column":4}},{"start":{"line":128,"column":4},"end":{"line":128,"column":4}}]},"12":{"line":132,"type":"if","locations":[{"start":{"line":132,"column":4},"end":{"line":132,"column":4}},{"start":{"line":132,"column":4},"end":{"line":132,"column":4}}]},"13":{"line":154,"type":"if","locations":[{"start":{"line":154,"column":4},"end":{"line":154,"column":4}},{"start":{"line":154,"column":4},"end":{"line":154,"column":4}}]}}}}